Arguments: 
  C:\Program Files\node.exe C:\Program Files (x86)\Yarn\bin\yarn.js add @mui/material/utils

PATH: 
  C:\Program Files\Git\mingw64\bin;C:\Program Files\Git\usr\bin;C:\Users\PC\bin;C:\WINDOWS\system32;C:\WINDOWS;C:\WINDOWS\System32\Wbem;C:\WINDOWS\System32\WindowsPowerShell\v1.0;C:\WINDOWS\System32\OpenSSH;C:\Program Files\Git\cmd;C:\Program Files (x86)\Yarn\bin;C:\Program Files\Microsoft SQL Server\110\Tools\Binn;C:\Program Files\Microsoft SQL Server\120\DTS\Binn;C:\Program Files\Microsoft SQL Server\Client SDK\ODBC\110\Tools\Binn;C:\Program Files (x86)\Microsoft SQL Server\120\Tools\Binn;C:\Program Files\Microsoft SQL Server\120\Tools\Binn;C:\Program Files (x86)\Microsoft SQL Server\120\Tools\Binn\ManagementStudio;C:\Program Files (x86)\Microsoft SQL Server\120\DTS\Binn;G:\MyMatlab\runtime\win64;G:\MyMatlab\bin;G:\MyMatlab\polyspace\bin;C:\Program Files\dotnet;C:\Program Files\Microsoft SQL Server\130\Tools\Binn;C:\Program Files\Microsoft SQL Server\Client SDK\ODBC\170\Tools\Binn;C:\Program Files;C:\Users\PC\AppData\Local\Microsoft\WindowsApps;C:\Users\PC\AppData\Local\Programs\Microsoft VS Code\bin;C:\Program Files\heroku\bin;C:\Users\PC\AppData\Local\Yarn\bin;C:\Users\PC\.dotnet\tools;C:\Users\PC\AppData\Roaming\npm

Yarn version: 
  1.22.5

Node version: 
  16.14.0

Platform: 
  win32 x64

Trace: 
  Error: https://registry.yarnpkg.com/@mui%2fmaterial/utils: Request "https://registry.yarnpkg.com/@mui%2fmaterial/utils" returned a 405
      at Request.params.callback [as _callback] (C:\Program Files (x86)\Yarn\lib\cli.js:66106:18)
      at Request.self.callback (C:\Program Files (x86)\Yarn\lib\cli.js:140749:22)
      at Request.emit (node:events:520:28)
      at Request.<anonymous> (C:\Program Files (x86)\Yarn\lib\cli.js:141721:10)
      at Request.emit (node:events:520:28)
      at IncomingMessage.<anonymous> (C:\Program Files (x86)\Yarn\lib\cli.js:141643:12)
      at Object.onceWrapper (node:events:639:28)
      at IncomingMessage.emit (node:events:532:35)
      at endReadableNT (node:internal/streams/readable:1346:12)
      at processTicksAndRejections (node:internal/process/task_queues:83:21)

npm manifest: 
  {
    "name": "style-component",
    "version": "1.0.0",
    "private": true,
    "description": "style-component",
    "author": "Syed-Hasnain-Askari",
    "keywords": [
      "gatsby"
    ],
    "scripts": {
      "develop": "gatsby develop",
      "start": "gatsby develop",
      "build": "gatsby build",
      "serve": "gatsby serve",
      "clean": "gatsby clean",
      "typecheck": "tsc --noEmit"
    },
    "dependencies": {
      "@mui/icons-material": "^5.5.1",
      "@popperjs/core": "^2.11.4",
      "babel-plugin-styled-components": "^2.0.6",
      "bootstrap": "^5.1.3",
      "gatsby": "^4.10.3",
      "gatsby-plugin-image": "^2.10.1",
      "gatsby-plugin-sharp": "^4.10.2",
      "gatsby-plugin-styled-components": "^5.10.0",
      "gatsby-source-filesystem": "^4.10.1",
      "gatsby-transformer-sharp": "^4.10.0",
      "jquery": "^3.6.0",
      "popper.js": "^1.16.1",
      "react": "^17.0.1",
      "react-dom": "^17.0.1",
      "styled-components": "^5.3.5"
    },
    "devDependencies": {
      "@types/jquery": "^3.5.14",
      "@types/node": "^17.0.23",
      "@types/react": "^17.0.43",
      "@types/react-dom": "^17.0.14",
      "@types/styled-components": "^5.1.24",
      "typescript": "^4.6.3"
    }
  }

yarn manifest: 
  No manifest

Lockfile: 
  No lockfile
